# JRE version: Java(TM) SE Runtime Environment (8.0_144-b01) (build 1.8.0_144-b01)
# Java VM: Java HotSpot(TM) 64-Bit Server VM (25.144-b01 mixed mode windows-amd64 compressed oops)
Heap:
 PSYoungGen      total 223744K, used 23015K [0x00000000d5f00000, 0x00000000e6380000, 0x0000000100000000)
  eden space 200704K, 0% used [0x00000000d5f00000,0x00000000d5f00000,0x00000000e2300000)
  from space 23040K, 99% used [0x00000000e2300000,0x00000000e3979f08,0x00000000e3980000)
  to   space 16896K, 0% used [0x00000000e3980000,0x00000000e3980000,0x00000000e4a00000)
 ParOldGen       total 69120K, used 41058K [0x0000000081c00000, 0x0000000085f80000, 0x00000000d5f00000)
  object space 69120K, 59% used [0x0000000081c00000,0x0000000084418990,0x0000000085f80000)
 Metaspace       used 23608K, capacity 24184K, committed 24496K, reserved 1071104K
  class space    used 2758K, capacity 2904K, committed 2992K, reserved 1048576K
GC Heap History (10 events):
Event: 4.160 GC heap after
Heap after GC invocations=5 (full 0):
 PSYoungGen      total 71680K, used 5114K [0x00000000d5f00000, 0x00000000df600000, 0x0000000100000000)
  eden space 66560K, 0% used [0x00000000d5f00000,0x00000000d5f00000,0x00000000da000000)
  from space 5120K, 99% used [0x00000000da000000,0x00000000da4feb70,0x00000000da500000)
  to   space 10752K, 0% used [0x00000000deb80000,0x00000000deb80000,0x00000000df600000)
 ParOldGen       total 87552K, used 14451K [0x0000000081c00000, 0x0000000087180000, 0x00000000d5f00000)
  object space 87552K, 16% used [0x0000000081c00000,0x0000000082a1cfa0,0x0000000087180000)
 Metaspace       used 16958K, capacity 17522K, committed 17792K, reserved 1064960K
  class space    used 1987K, capacity 2135K, committed 2176K, reserved 1048576K
}
Event: 5.400 GC heap before
{Heap before GC invocations=6 (full 0):
 PSYoungGen      total 71680K, used 32924K [0x00000000d5f00000, 0x00000000df600000, 0x0000000100000000)
  eden space 66560K, 41% used [0x00000000d5f00000,0x00000000d7a28828,0x00000000da000000)
  from space 5120K, 99% used [0x00000000da000000,0x00000000da4feb70,0x00000000da500000)
  to   space 10752K, 0% used [0x00000000deb80000,0x00000000deb80000,0x00000000df600000)
 ParOldGen       total 87552K, used 14451K [0x0000000081c00000, 0x0000000087180000, 0x00000000d5f00000)
  object space 87552K, 16% used [0x0000000081c00000,0x0000000082a1cfa0,0x0000000087180000)
 Metaspace       used 20700K, capacity 21258K, committed 21296K, reserved 1069056K
  class space    used 2448K, capacity 2591K, committed 2608K, reserved 1048576K
Event: 5.412 GC heap after
Heap after GC invocations=6 (full 0):
 PSYoungGen      total 143872K, used 8811K [0x00000000d5f00000, 0x00000000df600000, 0x0000000100000000)
  eden space 133120K, 0% used [0x00000000d5f00000,0x00000000d5f00000,0x00000000de100000)
  from space 10752K, 81% used [0x00000000deb80000,0x00000000df41afc8,0x00000000df600000)
  to   space 10752K, 0% used [0x00000000de100000,0x00000000de100000,0x00000000deb80000)
 ParOldGen       total 87552K, used 14459K [0x0000000081c00000, 0x0000000087180000, 0x00000000d5f00000)
  object space 87552K, 16% used [0x0000000081c00000,0x0000000082a1efa0,0x0000000087180000)
 Metaspace       used 20700K, capacity 21258K, committed 21296K, reserved 1069056K
  class space    used 2448K, capacity 2591K, committed 2608K, reserved 1048576K
}
Event: 5.412 GC heap before
{Heap before GC invocations=7 (full 1):
 PSYoungGen      total 143872K, used 8811K [0x00000000d5f00000, 0x00000000df600000, 0x0000000100000000)
  eden space 133120K, 0% used [0x00000000d5f00000,0x00000000d5f00000,0x00000000de100000)
  from space 10752K, 81% used [0x00000000deb80000,0x00000000df41afc8,0x00000000df600000)
  to   space 10752K, 0% used [0x00000000de100000,0x00000000de100000,0x00000000deb80000)
 ParOldGen       total 87552K, used 14459K [0x0000000081c00000, 0x0000000087180000, 0x00000000d5f00000)
  object space 87552K, 16% used [0x0000000081c00000,0x0000000082a1efa0,0x0000000087180000)
 Metaspace       used 20700K, capacity 21258K, committed 21296K, reserved 1069056K
  class space    used 2448K, capacity 2591K, committed 2608K, reserved 1048576K
Event: 5.478 GC heap after
Heap after GC invocations=7 (full 1):
 PSYoungGen      total 143872K, used 0K [0x00000000d5f00000, 0x00000000df600000, 0x0000000100000000)
  eden space 133120K, 0% used [0x00000000d5f00000,0x00000000d5f00000,0x00000000de100000)
  from space 10752K, 0% used [0x00000000deb80000,0x00000000deb80000,0x00000000df600000)
  to   space 10752K, 0% used [0x00000000de100000,0x00000000de100000,0x00000000deb80000)
 ParOldGen       total 69120K, used 15263K [0x0000000081c00000, 0x0000000085f80000, 0x00000000d5f00000)
  object space 69120K, 22% used [0x0000000081c00000,0x0000000082ae7ef8,0x0000000085f80000)
 Metaspace       used 20700K, capacity 21258K, committed 21296K, reserved 1069056K
  class space    used 2448K, capacity 2591K, committed 2608K, reserved 1048576K
}
Event: 6.769 GC heap before
{Heap before GC invocations=8 (full 1):
 PSYoungGen      total 143872K, used 133120K [0x00000000d5f00000, 0x00000000df600000, 0x0000000100000000)
  eden space 133120K, 100% used [0x00000000d5f00000,0x00000000de100000,0x00000000de100000)
  from space 10752K, 0% used [0x00000000deb80000,0x00000000deb80000,0x00000000df600000)
  to   space 10752K, 0% used [0x00000000de100000,0x00000000de100000,0x00000000deb80000)
 ParOldGen       total 69120K, used 15263K [0x0000000081c00000, 0x0000000085f80000, 0x00000000d5f00000)
  object space 69120K, 22% used [0x0000000081c00000,0x0000000082ae7ef8,0x0000000085f80000)
 Metaspace       used 23590K, capacity 24184K, committed 24496K, reserved 1071104K
  class space    used 2756K, capacity 2904K, committed 2992K, reserved 1048576K
Event: 6.782 GC heap after
Heap after GC invocations=8 (full 1):
 PSYoungGen      total 143872K, used 10723K [0x00000000d5f00000, 0x00000000e4a00000, 0x0000000100000000)
  eden space 133120K, 0% used [0x00000000d5f00000,0x00000000d5f00000,0x00000000de100000)
  from space 10752K, 99% used [0x00000000de100000,0x00000000deb78c90,0x00000000deb80000)
  to   space 16896K, 0% used [0x00000000e3980000,0x00000000e3980000,0x00000000e4a00000)
 ParOldGen       total 69120K, used 24768K [0x0000000081c00000, 0x0000000085f80000, 0x00000000d5f00000)
  object space 69120K, 35% used [0x0000000081c00000,0x0000000083430208,0x0000000085f80000)
 Metaspace       used 23590K, capacity 24184K, committed 24496K, reserved 1071104K
  class space    used 2756K, capacity 2904K, committed 2992K, reserved 1048576K
}
Event: 7.357 GC heap before
{Heap before GC invocations=9 (full 1):
 PSYoungGen      total 143872K, used 143843K [0x00000000d5f00000, 0x00000000e4a00000, 0x0000000100000000)
  eden space 133120K, 100% used [0x00000000d5f00000,0x00000000de100000,0x00000000de100000)
  from space 10752K, 99% used [0x00000000de100000,0x00000000deb78c90,0x00000000deb80000)
  to   space 16896K, 0% used [0x00000000e3980000,0x00000000e3980000,0x00000000e4a00000)
 ParOldGen       total 69120K, used 24768K [0x0000000081c00000, 0x0000000085f80000, 0x00000000d5f00000)
  object space 69120K, 35% used [0x0000000081c00000,0x0000000083430208,0x0000000085f80000)
 Metaspace       used 23594K, capacity 24184K, committed 24496K, reserved 1071104K
  class space    used 2756K, capacity 2904K, committed 2992K, reserved 1048576K
Event: 7.386 GC heap after
Heap after GC invocations=9 (full 1):
 PSYoungGen      total 217600K, used 16875K [0x00000000d5f00000, 0x00000000e6380000, 0x0000000100000000)
  eden space 200704K, 0% used [0x00000000d5f00000,0x00000000d5f00000,0x00000000e2300000)
  from space 16896K, 99% used [0x00000000e3980000,0x00000000e49fafb0,0x00000000e4a00000)
  to   space 23040K, 0% used [0x00000000e2300000,0x00000000e2300000,0x00000000e3980000)
 ParOldGen       total 69120K, used 33508K [0x0000000081c00000, 0x0000000085f80000, 0x00000000d5f00000)
  object space 69120K, 48% used [0x0000000081c00000,0x0000000083cb91a8,0x0000000085f80000)
 Metaspace       used 23594K, capacity 24184K, committed 24496K, reserved 1071104K
  class space    used 2756K, capacity 2904K, committed 2992K, reserved 1048576K
}
Event: 7.948 GC heap before
{Heap before GC invocations=10 (full 1):
 PSYoungGen      total 217600K, used 163751K [0x00000000d5f00000, 0x00000000e6380000, 0x0000000100000000)
  eden space 200704K, 73% used [0x00000000d5f00000,0x00000000dee6eca8,0x00000000e2300000)
  from space 16896K, 99% used [0x00000000e3980000,0x00000000e49fafb0,0x00000000e4a00000)
  to   space 23040K, 0% used [0x00000000e2300000,0x00000000e2300000,0x00000000e3980000)
 ParOldGen       total 69120K, used 33508K [0x0000000081c00000, 0x0000000085f80000, 0x00000000d5f00000)
  object space 69120K, 48% used [0x0000000081c00000,0x0000000083cb91a8,0x0000000085f80000)
 Metaspace       used 23608K, capacity 24184K, committed 24496K, reserved 1071104K
  class space    used 2758K, capacity 2904K, committed 2992K, reserved 1048576K

