# JRE version: Java(TM) SE Runtime Environment (8.0_144-b01) (build 1.8.0_144-b01)
# Java VM: Java HotSpot(TM) 64-Bit Server VM (25.144-b01 mixed mode windows-amd64 compressed oops)
Heap:
 PSYoungGen      total 144384K, used 53985K [0x00000000d5f00000, 0x00000000df700000, 0x0000000100000000)
  eden space 133120K, 40% used [0x00000000d5f00000,0x00000000d93b87c8,0x00000000de100000)
  from space 11264K, 0% used [0x00000000dec00000,0x00000000dec00000,0x00000000df700000)
  to   space 11264K, 0% used [0x00000000de100000,0x00000000de100000,0x00000000dec00000)
 ParOldGen       total 70656K, used 15281K [0x0000000081c00000, 0x0000000086100000, 0x00000000d5f00000)
  object space 70656K, 21% used [0x0000000081c00000,0x0000000082aec608,0x0000000086100000)
 Metaspace       used 23536K, capacity 24110K, committed 24240K, reserved 1071104K
  class space    used 2752K, capacity 2902K, committed 2992K, reserved 1048576K
GC Heap History (10 events):
Event: 2.005 GC heap before
{Heap before GC invocations=3 (full 0):
 PSYoungGen      total 38400K, used 38397K [0x00000000d5f00000, 0x00000000d8980000, 0x0000000100000000)
  eden space 33280K, 100% used [0x00000000d5f00000,0x00000000d7f80000,0x00000000d7f80000)
  from space 5120K, 99% used [0x00000000d8480000,0x00000000d897f500,0x00000000d8980000)
  to   space 5120K, 0% used [0x00000000d7f80000,0x00000000d7f80000,0x00000000d8480000)
 ParOldGen       total 87552K, used 3315K [0x0000000081c00000, 0x0000000087180000, 0x00000000d5f00000)
  object space 87552K, 3% used [0x0000000081c00000,0x0000000081f3cea0,0x0000000087180000)
 Metaspace       used 14916K, capacity 15182K, committed 15488K, reserved 1062912K
  class space    used 1819K, capacity 1911K, committed 1920K, reserved 1048576K
Event: 2.024 GC heap after
Heap after GC invocations=3 (full 0):
 PSYoungGen      total 38400K, used 5096K [0x00000000d5f00000, 0x00000000daa00000, 0x0000000100000000)
  eden space 33280K, 0% used [0x00000000d5f00000,0x00000000d5f00000,0x00000000d7f80000)
  from space 5120K, 99% used [0x00000000d7f80000,0x00000000d847a020,0x00000000d8480000)
  to   space 5120K, 0% used [0x00000000da500000,0x00000000da500000,0x00000000daa00000)
 ParOldGen       total 87552K, used 6596K [0x0000000081c00000, 0x0000000087180000, 0x00000000d5f00000)
  object space 87552K, 7% used [0x0000000081c00000,0x0000000082271308,0x0000000087180000)
 Metaspace       used 14916K, capacity 15182K, committed 15488K, reserved 1062912K
  class space    used 1819K, capacity 1911K, committed 1920K, reserved 1048576K
}
Event: 3.061 GC heap before
{Heap before GC invocations=4 (full 0):
 PSYoungGen      total 38400K, used 38376K [0x00000000d5f00000, 0x00000000daa00000, 0x0000000100000000)
  eden space 33280K, 100% used [0x00000000d5f00000,0x00000000d7f80000,0x00000000d7f80000)
  from space 5120K, 99% used [0x00000000d7f80000,0x00000000d847a020,0x00000000d8480000)
  to   space 5120K, 0% used [0x00000000da500000,0x00000000da500000,0x00000000daa00000)
 ParOldGen       total 87552K, used 6596K [0x0000000081c00000, 0x0000000087180000, 0x00000000d5f00000)
  object space 87552K, 7% used [0x0000000081c00000,0x0000000082271308,0x0000000087180000)
 Metaspace       used 15358K, capacity 15698K, committed 15872K, reserved 1062912K
  class space    used 1854K, capacity 1949K, committed 2048K, reserved 1048576K
Event: 3.080 GC heap after
Heap after GC invocations=4 (full 0):
 PSYoungGen      total 71680K, used 5112K [0x00000000d5f00000, 0x00000000daa00000, 0x0000000100000000)
  eden space 66560K, 0% used [0x00000000d5f00000,0x00000000d5f00000,0x00000000da000000)
  from space 5120K, 99% used [0x00000000da500000,0x00000000da9fe030,0x00000000daa00000)
  to   space 5120K, 0% used [0x00000000da000000,0x00000000da000000,0x00000000da500000)
 ParOldGen       total 87552K, used 10189K [0x0000000081c00000, 0x0000000087180000, 0x00000000d5f00000)
  object space 87552K, 11% used [0x0000000081c00000,0x00000000825f3778,0x0000000087180000)
 Metaspace       used 15358K, capacity 15698K, committed 15872K, reserved 1062912K
  class space    used 1854K, capacity 1949K, committed 2048K, reserved 1048576K
}
Event: 4.619 GC heap before
{Heap before GC invocations=5 (full 0):
 PSYoungGen      total 71680K, used 71672K [0x00000000d5f00000, 0x00000000daa00000, 0x0000000100000000)
  eden space 66560K, 100% used [0x00000000d5f00000,0x00000000da000000,0x00000000da000000)
  from space 5120K, 99% used [0x00000000da500000,0x00000000da9fe030,0x00000000daa00000)
  to   space 5120K, 0% used [0x00000000da000000,0x00000000da000000,0x00000000da500000)
 ParOldGen       total 87552K, used 10189K [0x0000000081c00000, 0x0000000087180000, 0x00000000d5f00000)
  object space 87552K, 11% used [0x0000000081c00000,0x00000000825f3778,0x0000000087180000)
 Metaspace       used 16963K, capacity 17522K, committed 17792K, reserved 1064960K
  class space    used 1987K, capacity 2135K, committed 2176K, reserved 1048576K
Event: 4.633 GC heap after
Heap after GC invocations=5 (full 0):
 PSYoungGen      total 71680K, used 5096K [0x00000000d5f00000, 0x00000000df700000, 0x0000000100000000)
  eden space 66560K, 0% used [0x00000000d5f00000,0x00000000d5f00000,0x00000000da000000)
  from space 5120K, 99% used [0x00000000da000000,0x00000000da4fa020,0x00000000da500000)
  to   space 11264K, 0% used [0x00000000dec00000,0x00000000dec00000,0x00000000df700000)
 ParOldGen       total 87552K, used 14549K [0x0000000081c00000, 0x0000000087180000, 0x00000000d5f00000)
  object space 87552K, 16% used [0x0000000081c00000,0x0000000082a35518,0x0000000087180000)
 Metaspace       used 16963K, capacity 17522K, committed 17792K, reserved 1064960K
  class space    used 1987K, capacity 2135K, committed 2176K, reserved 1048576K
}
Event: 6.035 GC heap before
{Heap before GC invocations=6 (full 0):
 PSYoungGen      total 71680K, used 33043K [0x00000000d5f00000, 0x00000000df700000, 0x0000000100000000)
  eden space 66560K, 41% used [0x00000000d5f00000,0x00000000d7a4ace0,0x00000000da000000)
  from space 5120K, 99% used [0x00000000da000000,0x00000000da4fa020,0x00000000da500000)
  to   space 11264K, 0% used [0x00000000dec00000,0x00000000dec00000,0x00000000df700000)
 ParOldGen       total 87552K, used 14549K [0x0000000081c00000, 0x0000000087180000, 0x00000000d5f00000)
  object space 87552K, 16% used [0x0000000081c00000,0x0000000082a35518,0x0000000087180000)
 Metaspace       used 20722K, capacity 21258K, committed 21296K, reserved 1069056K
  class space    used 2448K, capacity 2591K, committed 2608K, reserved 1048576K
Event: 6.048 GC heap after
Heap after GC invocations=6 (full 0):
 PSYoungGen      total 144384K, used 8853K [0x00000000d5f00000, 0x00000000df700000, 0x0000000100000000)
  eden space 133120K, 0% used [0x00000000d5f00000,0x00000000d5f00000,0x00000000de100000)
  from space 11264K, 78% used [0x00000000dec00000,0x00000000df4a5660,0x00000000df700000)
  to   space 11264K, 0% used [0x00000000de100000,0x00000000de100000,0x00000000dec00000)
 ParOldGen       total 87552K, used 14557K [0x0000000081c00000, 0x0000000087180000, 0x00000000d5f00000)
  object space 87552K, 16% used [0x0000000081c00000,0x0000000082a37518,0x0000000087180000)
 Metaspace       used 20722K, capacity 21258K, committed 21296K, reserved 1069056K
  class space    used 2448K, capacity 2591K, committed 2608K, reserved 1048576K
}
Event: 6.048 GC heap before
{Heap before GC invocations=7 (full 1):
 PSYoungGen      total 144384K, used 8853K [0x00000000d5f00000, 0x00000000df700000, 0x0000000100000000)
  eden space 133120K, 0% used [0x00000000d5f00000,0x00000000d5f00000,0x00000000de100000)
  from space 11264K, 78% used [0x00000000dec00000,0x00000000df4a5660,0x00000000df700000)
  to   space 11264K, 0% used [0x00000000de100000,0x00000000de100000,0x00000000dec00000)
 ParOldGen       total 87552K, used 14557K [0x0000000081c00000, 0x0000000087180000, 0x00000000d5f00000)
  object space 87552K, 16% used [0x0000000081c00000,0x0000000082a37518,0x0000000087180000)
 Metaspace       used 20722K, capacity 21258K, committed 21296K, reserved 1069056K
  class space    used 2448K, capacity 2591K, committed 2608K, reserved 1048576K
Event: 6.116 GC heap after
Heap after GC invocations=7 (full 1):
 PSYoungGen      total 144384K, used 0K [0x00000000d5f00000, 0x00000000df700000, 0x0000000100000000)
  eden space 133120K, 0% used [0x00000000d5f00000,0x00000000d5f00000,0x00000000de100000)
  from space 11264K, 0% used [0x00000000dec00000,0x00000000dec00000,0x00000000df700000)
  to   space 11264K, 0% used [0x00000000de100000,0x00000000de100000,0x00000000dec00000)
 ParOldGen       total 70656K, used 15281K [0x0000000081c00000, 0x0000000086100000, 0x00000000d5f00000)
  object space 70656K, 21% used [0x0000000081c00000,0x0000000082aec608,0x0000000086100000)
 Metaspace       used 20722K, capacity 21258K, committed 21296K, reserved 1069056K
  class space    used 2448K, capacity 2591K, committed 2608K, reserved 1048576K
}

